<?xml version="1.0" encoding="UTF-8"?>
<!-- Generated by org.testng.reporters.JUnitReportReporter -->
<testsuite hostname="WINDOWS-BL0PJJL" name="uiTest.AppTest" tests="1" failures="0" timestamp="8 Nov 2016 08:46:29 GMT" time="11.763" errors="0">
  <testcase name="testApp" time="11.763" classname="uiTest.AppTest"/>
</testsuite> <!-- uiTest.AppTest -->
